[28-Nov-2019 21:39:23 UTC] PHP Parse error:  syntax error, unexpected '?>', expecting '(' in C:\Users\kelly\Local Sites\studio5155\app\public\wp-content\themes\studio55\functions.php on line 38
[28-Nov-2019 21:52:55 UTC] PHP Fatal error:  Uncaught Error: Call to a member function have_posts() on array in C:\Users\kelly\Local Sites\studio5155\app\public\wp-content\themes\studio55\front-page.php:8
Stack trace:
#0 C:\Users\kelly\Local Sites\studio5155\app\public\wp-includes\template-loader.php(98): include()
#1 C:\Users\kelly\Local Sites\studio5155\app\public\wp-blog-header.php(19): require_once('C:\\Users\\kelly\\...')
#2 C:\Users\kelly\Local Sites\studio5155\app\public\index.php(17): require('C:\\Users\\kelly\\...')
#3 {main}
  thrown in C:\Users\kelly\Local Sites\studio5155\app\public\wp-content\themes\studio55\front-page.php on line 8
[28-Nov-2019 21:53:28 UTC] PHP Fatal error:  Uncaught Error: Call to a member function have_posts() on array in C:\Users\kelly\Local Sites\studio5155\app\public\wp-content\themes\studio55\front-page.php:9
Stack trace:
#0 C:\Users\kelly\Local Sites\studio5155\app\public\wp-includes\template-loader.php(98): include()
#1 C:\Users\kelly\Local Sites\studio5155\app\public\wp-blog-header.php(19): require_once('C:\\Users\\kelly\\...')
#2 C:\Users\kelly\Local Sites\studio5155\app\public\index.php(17): require('C:\\Users\\kelly\\...')
#3 {main}
  thrown in C:\Users\kelly\Local Sites\studio5155\app\public\wp-content\themes\studio55\front-page.php on line 9
[28-Nov-2019 22:56:39 UTC] PHP Warning:  Illegal string offset 'columns' in C:\Users\kelly\Local Sites\studio5155\app\public\wp-content\plugins\woo-product-availability-scheduler\shortcodes.php on line 22
[28-Nov-2019 22:56:39 UTC] PHP Stack trace:
[28-Nov-2019 22:56:39 UTC] PHP   1. {main}() C:\Users\kelly\Local Sites\studio5155\app\public\index.php:0
[28-Nov-2019 22:56:39 UTC] PHP   2. require() C:\Users\kelly\Local Sites\studio5155\app\public\index.php:17
[28-Nov-2019 22:56:39 UTC] PHP   3. require_once() C:\Users\kelly\Local Sites\studio5155\app\public\wp-blog-header.php:19
[28-Nov-2019 22:56:39 UTC] PHP   4. include() C:\Users\kelly\Local Sites\studio5155\app\public\wp-includes\template-loader.php:98
[28-Nov-2019 22:56:39 UTC] PHP   5. do_shortcode() C:\Users\kelly\Local Sites\studio5155\app\public\wp-content\themes\studio55\front-page.php:27
[28-Nov-2019 22:56:39 UTC] PHP   6. preg_replace_callback() C:\Users\kelly\Local Sites\studio5155\app\public\wp-includes\shortcodes.php:199
[28-Nov-2019 22:56:39 UTC] PHP   7. do_shortcode_tag() C:\Users\kelly\Local Sites\studio5155\app\public\wp-includes\shortcodes.php:199
[28-Nov-2019 22:56:39 UTC] PHP   8. wpas_schedule_product_availability_shortcode() C:\Users\kelly\Local Sites\studio5155\app\public\wp-includes\shortcodes.php:325
[28-Nov-2019 22:56:39 UTC] PHP Warning:  Illegal string offset 'limit' in C:\Users\kelly\Local Sites\studio5155\app\public\wp-content\plugins\woo-product-availability-scheduler\shortcodes.php on line 29
[28-Nov-2019 22:56:39 UTC] PHP Stack trace:
[28-Nov-2019 22:56:39 UTC] PHP   1. {main}() C:\Users\kelly\Local Sites\studio5155\app\public\index.php:0
[28-Nov-2019 22:56:39 UTC] PHP   2. require() C:\Users\kelly\Local Sites\studio5155\app\public\index.php:17
[28-Nov-2019 22:56:39 UTC] PHP   3. require_once() C:\Users\kelly\Local Sites\studio5155\app\public\wp-blog-header.php:19
[28-Nov-2019 22:56:39 UTC] PHP   4. include() C:\Users\kelly\Local Sites\studio5155\app\public\wp-includes\template-loader.php:98
[28-Nov-2019 22:56:39 UTC] PHP   5. do_shortcode() C:\Users\kelly\Local Sites\studio5155\app\public\wp-content\themes\studio55\front-page.php:27
[28-Nov-2019 22:56:39 UTC] PHP   6. preg_replace_callback() C:\Users\kelly\Local Sites\studio5155\app\public\wp-includes\shortcodes.php:199
[28-Nov-2019 22:56:39 UTC] PHP   7. do_shortcode_tag() C:\Users\kelly\Local Sites\studio5155\app\public\wp-includes\shortcodes.php:199
[28-Nov-2019 22:56:39 UTC] PHP   8. wpas_schedule_product_availability_shortcode() C:\Users\kelly\Local Sites\studio5155\app\public\wp-includes\shortcodes.php:325
[28-Nov-2019 22:56:39 UTC] PHP Warning:  Illegal string offset 'columns' in C:\Users\kelly\Local Sites\studio5155\app\public\wp-content\plugins\woo-product-availability-scheduler\shortcodes.php on line 22
[28-Nov-2019 22:56:39 UTC] PHP Stack trace:
[28-Nov-2019 22:56:39 UTC] PHP   1. {main}() C:\Users\kelly\Local Sites\studio5155\app\public\index.php:0
[28-Nov-2019 22:56:39 UTC] PHP   2. require() C:\Users\kelly\Local Sites\studio5155\app\public\index.php:17
[28-Nov-2019 22:56:39 UTC] PHP   3. require_once() C:\Users\kelly\Local Sites\studio5155\app\public\wp-blog-header.php:19
[28-Nov-2019 22:56:39 UTC] PHP   4. include() C:\Users\kelly\Local Sites\studio5155\app\public\wp-includes\template-loader.php:98
[28-Nov-2019 22:56:39 UTC] PHP   5. do_shortcode() C:\Users\kelly\Local Sites\studio5155\app\public\wp-content\themes\studio55\front-page.php:27
[28-Nov-2019 22:56:39 UTC] PHP   6. preg_replace_callback() C:\Users\kelly\Local Sites\studio5155\app\public\wp-includes\shortcodes.php:199
[28-Nov-2019 22:56:39 UTC] PHP   7. do_shortcode_tag() C:\Users\kelly\Local Sites\studio5155\app\public\wp-includes\shortcodes.php:199
[28-Nov-2019 22:56:39 UTC] PHP   8. wpas_schedule_product_availability_shortcode() C:\Users\kelly\Local Sites\studio5155\app\public\wp-includes\shortcodes.php:325
[28-Nov-2019 22:56:39 UTC] PHP Warning:  Illegal string offset 'limit' in C:\Users\kelly\Local Sites\studio5155\app\public\wp-content\plugins\woo-product-availability-scheduler\shortcodes.php on line 29
[28-Nov-2019 22:56:39 UTC] PHP Stack trace:
[28-Nov-2019 22:56:39 UTC] PHP   1. {main}() C:\Users\kelly\Local Sites\studio5155\app\public\index.php:0
[28-Nov-2019 22:56:39 UTC] PHP   2. require() C:\Users\kelly\Local Sites\studio5155\app\public\index.php:17
[28-Nov-2019 22:56:39 UTC] PHP   3. require_once() C:\Users\kelly\Local Sites\studio5155\app\public\wp-blog-header.php:19
[28-Nov-2019 22:56:39 UTC] PHP   4. include() C:\Users\kelly\Local Sites\studio5155\app\public\wp-includes\template-loader.php:98
[28-Nov-2019 22:56:39 UTC] PHP   5. do_shortcode() C:\Users\kelly\Local Sites\studio5155\app\public\wp-content\themes\studio55\front-page.php:27
[28-Nov-2019 22:56:39 UTC] PHP   6. preg_replace_callback() C:\Users\kelly\Local Sites\studio5155\app\public\wp-includes\shortcodes.php:199
[28-Nov-2019 22:56:39 UTC] PHP   7. do_shortcode_tag() C:\Users\kelly\Local Sites\studio5155\app\public\wp-includes\shortcodes.php:199
[28-Nov-2019 22:56:39 UTC] PHP   8. wpas_schedule_product_availability_shortcode() C:\Users\kelly\Local Sites\studio5155\app\public\wp-includes\shortcodes.php:325
[28-Nov-2019 22:56:39 UTC] PHP Warning:  Illegal string offset 'columns' in C:\Users\kelly\Local Sites\studio5155\app\public\wp-content\plugins\woo-product-availability-scheduler\shortcodes.php on line 22
[28-Nov-2019 22:56:39 UTC] PHP Stack trace:
[28-Nov-2019 22:56:39 UTC] PHP   1. {main}() C:\Users\kelly\Local Sites\studio5155\app\public\index.php:0
[28-Nov-2019 22:56:39 UTC] PHP   2. require() C:\Users\kelly\Local Sites\studio5155\app\public\index.php:17
[28-Nov-2019 22:56:39 UTC] PHP   3. require_once() C:\Users\kelly\Local Sites\studio5155\app\public\wp-blog-header.php:19
[28-Nov-2019 22:56:39 UTC] PHP   4. include() C:\Users\kelly\Local Sites\studio5155\app\public\wp-includes\template-loader.php:98
[28-Nov-2019 22:56:39 UTC] PHP   5. do_shortcode() C:\Users\kelly\Local Sites\studio5155\app\public\wp-content\themes\studio55\front-page.php:27
[28-Nov-2019 22:56:39 UTC] PHP   6. preg_replace_callback() C:\Users\kelly\Local Sites\studio5155\app\public\wp-includes\shortcodes.php:199
[28-Nov-2019 22:56:39 UTC] PHP   7. do_shortcode_tag() C:\Users\kelly\Local Sites\studio5155\app\public\wp-includes\shortcodes.php:199
[28-Nov-2019 22:56:39 UTC] PHP   8. wpas_schedule_product_availability_shortcode() C:\Users\kelly\Local Sites\studio5155\app\public\wp-includes\shortcodes.php:325
[28-Nov-2019 22:56:39 UTC] PHP Warning:  Illegal string offset 'limit' in C:\Users\kelly\Local Sites\studio5155\app\public\wp-content\plugins\woo-product-availability-scheduler\shortcodes.php on line 29
[28-Nov-2019 22:56:39 UTC] PHP Stack trace:
[28-Nov-2019 22:56:39 UTC] PHP   1. {main}() C:\Users\kelly\Local Sites\studio5155\app\public\index.php:0
[28-Nov-2019 22:56:39 UTC] PHP   2. require() C:\Users\kelly\Local Sites\studio5155\app\public\index.php:17
[28-Nov-2019 22:56:39 UTC] PHP   3. require_once() C:\Users\kelly\Local Sites\studio5155\app\public\wp-blog-header.php:19
[28-Nov-2019 22:56:39 UTC] PHP   4. include() C:\Users\kelly\Local Sites\studio5155\app\public\wp-includes\template-loader.php:98
[28-Nov-2019 22:56:39 UTC] PHP   5. do_shortcode() C:\Users\kelly\Local Sites\studio5155\app\public\wp-content\themes\studio55\front-page.php:27
[28-Nov-2019 22:56:39 UTC] PHP   6. preg_replace_callback() C:\Users\kelly\Local Sites\studio5155\app\public\wp-includes\shortcodes.php:199
[28-Nov-2019 22:56:39 UTC] PHP   7. do_shortcode_tag() C:\Users\kelly\Local Sites\studio5155\app\public\wp-includes\shortcodes.php:199
[28-Nov-2019 22:56:39 UTC] PHP   8. wpas_schedule_product_availability_shortcode() C:\Users\kelly\Local Sites\studio5155\app\public\wp-includes\shortcodes.php:325
[28-Nov-2019 22:56:39 UTC] PHP Warning:  Illegal string offset 'columns' in C:\Users\kelly\Local Sites\studio5155\app\public\wp-content\plugins\woo-product-availability-scheduler\shortcodes.php on line 22
[28-Nov-2019 22:56:39 UTC] PHP Stack trace:
[28-Nov-2019 22:56:39 UTC] PHP   1. {main}() C:\Users\kelly\Local Sites\studio5155\app\public\index.php:0
[28-Nov-2019 22:56:39 UTC] PHP   2. require() C:\Users\kelly\Local Sites\studio5155\app\public\index.php:17
[28-Nov-2019 22:56:39 UTC] PHP   3. require_once() C:\Users\kelly\Local Sites\studio5155\app\public\wp-blog-header.php:19
[28-Nov-2019 22:56:39 UTC] PHP   4. include() C:\Users\kelly\Local Sites\studio5155\app\public\wp-includes\template-loader.php:98
[28-Nov-2019 22:56:39 UTC] PHP   5. do_shortcode() C:\Users\kelly\Local Sites\studio5155\app\public\wp-content\themes\studio55\front-page.php:27
[28-Nov-2019 22:56:39 UTC] PHP   6. preg_replace_callback() C:\Users\kelly\Local Sites\studio5155\app\public\wp-includes\shortcodes.php:199
[28-Nov-2019 22:56:39 UTC] PHP   7. do_shortcode_tag() C:\Users\kelly\Local Sites\studio5155\app\public\wp-includes\shortcodes.php:199
[28-Nov-2019 22:56:39 UTC] PHP   8. wpas_schedule_product_availability_shortcode() C:\Users\kelly\Local Sites\studio5155\app\public\wp-includes\shortcodes.php:325
[28-Nov-2019 22:56:39 UTC] PHP Warning:  Illegal string offset 'limit' in C:\Users\kelly\Local Sites\studio5155\app\public\wp-content\plugins\woo-product-availability-scheduler\shortcodes.php on line 29
[28-Nov-2019 22:56:39 UTC] PHP Stack trace:
[28-Nov-2019 22:56:39 UTC] PHP   1. {main}() C:\Users\kelly\Local Sites\studio5155\app\public\index.php:0
[28-Nov-2019 22:56:39 UTC] PHP   2. require() C:\Users\kelly\Local Sites\studio5155\app\public\index.php:17
[28-Nov-2019 22:56:39 UTC] PHP   3. require_once() C:\Users\kelly\Local Sites\studio5155\app\public\wp-blog-header.php:19
[28-Nov-2019 22:56:39 UTC] PHP   4. include() C:\Users\kelly\Local Sites\studio5155\app\public\wp-includes\template-loader.php:98
[28-Nov-2019 22:56:39 UTC] PHP   5. do_shortcode() C:\Users\kelly\Local Sites\studio5155\app\public\wp-content\themes\studio55\front-page.php:27
[28-Nov-2019 22:56:39 UTC] PHP   6. preg_replace_callback() C:\Users\kelly\Local Sites\studio5155\app\public\wp-includes\shortcodes.php:199
[28-Nov-2019 22:56:39 UTC] PHP   7. do_shortcode_tag() C:\Users\kelly\Local Sites\studio5155\app\public\wp-includes\shortcodes.php:199
[28-Nov-2019 22:56:39 UTC] PHP   8. wpas_schedule_product_availability_shortcode() C:\Users\kelly\Local Sites\studio5155\app\public\wp-includes\shortcodes.php:325
[28-Nov-2019 22:59:36 UTC] PHP Parse error:  syntax error, unexpected '4' (T_LNUMBER), expecting ')' in C:\Users\kelly\Local Sites\studio5155\app\public\wp-content\themes\studio55\front-page.php on line 27
[28-Nov-2019 23:04:45 UTC] PHP Warning:  Illegal string offset 'columns' in C:\Users\kelly\Local Sites\studio5155\app\public\wp-content\plugins\woo-product-availability-scheduler\shortcodes.php on line 22
[28-Nov-2019 23:04:45 UTC] PHP Stack trace:
[28-Nov-2019 23:04:45 UTC] PHP   1. {main}() C:\Users\kelly\Local Sites\studio5155\app\public\index.php:0
[28-Nov-2019 23:04:45 UTC] PHP   2. require() C:\Users\kelly\Local Sites\studio5155\app\public\index.php:17
[28-Nov-2019 23:04:45 UTC] PHP   3. require_once() C:\Users\kelly\Local Sites\studio5155\app\public\wp-blog-header.php:19
[28-Nov-2019 23:04:45 UTC] PHP   4. include() C:\Users\kelly\Local Sites\studio5155\app\public\wp-includes\template-loader.php:98
[28-Nov-2019 23:04:45 UTC] PHP   5. wc_get_template_part() C:\Users\kelly\Local Sites\studio5155\app\public\wp-content\plugins\woocommerce\templates\single-product.php:36
[28-Nov-2019 23:04:45 UTC] PHP   6. load_template() C:\Users\kelly\Local Sites\studio5155\app\public\wp-content\plugins\woocommerce\includes\wc-core-functions.php:195
[28-Nov-2019 23:04:45 UTC] PHP   7. require() C:\Users\kelly\Local Sites\studio5155\app\public\wp-includes\template.php:724
[28-Nov-2019 23:04:45 UTC] PHP   8. do_action() C:\Users\kelly\Local Sites\studio5155\app\public\wp-content\plugins\woocommerce\templates\content-single-product.php:60
[28-Nov-2019 23:04:45 UTC] PHP   9. WP_Hook->do_action() C:\Users\kelly\Local Sites\studio5155\app\public\wp-includes\plugin.php:478
[28-Nov-2019 23:04:45 UTC] PHP  10. WP_Hook->apply_filters() C:\Users\kelly\Local Sites\studio5155\app\public\wp-includes\class-wp-hook.php:312
[28-Nov-2019 23:04:45 UTC] PHP  11. WC_Structured_Data->generate_product_data() C:\Users\kelly\Local Sites\studio5155\app\public\wp-includes\class-wp-hook.php:288
[28-Nov-2019 23:04:45 UTC] PHP  12. do_shortcode() C:\Users\kelly\Local Sites\studio5155\app\public\wp-content\plugins\woocommerce\includes\class-wc-structured-data.php:203
[28-Nov-2019 23:04:45 UTC] PHP  13. preg_replace_callback() C:\Users\kelly\Local Sites\studio5155\app\public\wp-includes\shortcodes.php:199
[28-Nov-2019 23:04:45 UTC] PHP  14. do_shortcode_tag() C:\Users\kelly\Local Sites\studio5155\app\public\wp-includes\shortcodes.php:199
[28-Nov-2019 23:04:45 UTC] PHP  15. wpas_schedule_product_availability_shortcode() C:\Users\kelly\Local Sites\studio5155\app\public\wp-includes\shortcodes.php:325
[28-Nov-2019 23:04:45 UTC] PHP Warning:  Illegal string offset 'limit' in C:\Users\kelly\Local Sites\studio5155\app\public\wp-content\plugins\woo-product-availability-scheduler\shortcodes.php on line 29
[28-Nov-2019 23:04:45 UTC] PHP Stack trace:
[28-Nov-2019 23:04:45 UTC] PHP   1. {main}() C:\Users\kelly\Local Sites\studio5155\app\public\index.php:0
[28-Nov-2019 23:04:45 UTC] PHP   2. require() C:\Users\kelly\Local Sites\studio5155\app\public\index.php:17
[28-Nov-2019 23:04:45 UTC] PHP   3. require_once() C:\Users\kelly\Local Sites\studio5155\app\public\wp-blog-header.php:19
[28-Nov-2019 23:04:45 UTC] PHP   4. include() C:\Users\kelly\Local Sites\studio5155\app\public\wp-includes\template-loader.php:98
[28-Nov-2019 23:04:45 UTC] PHP   5. wc_get_template_part() C:\Users\kelly\Local Sites\studio5155\app\public\wp-content\plugins\woocommerce\templates\single-product.php:36
[28-Nov-2019 23:04:45 UTC] PHP   6. load_template() C:\Users\kelly\Local Sites\studio5155\app\public\wp-content\plugins\woocommerce\includes\wc-core-functions.php:195
[28-Nov-2019 23:04:45 UTC] PHP   7. require() C:\Users\kelly\Local Sites\studio5155\app\public\wp-includes\template.php:724
[28-Nov-2019 23:04:45 UTC] PHP   8. do_action() C:\Users\kelly\Local Sites\studio5155\app\public\wp-content\plugins\woocommerce\templates\content-single-product.php:60
[28-Nov-2019 23:04:45 UTC] PHP   9. WP_Hook->do_action() C:\Users\kelly\Local Sites\studio5155\app\public\wp-includes\plugin.php:478
[28-Nov-2019 23:04:45 UTC] PHP  10. WP_Hook->apply_filters() C:\Users\kelly\Local Sites\studio5155\app\public\wp-includes\class-wp-hook.php:312
[28-Nov-2019 23:04:45 UTC] PHP  11. WC_Structured_Data->generate_product_data() C:\Users\kelly\Local Sites\studio5155\app\public\wp-includes\class-wp-hook.php:288
[28-Nov-2019 23:04:45 UTC] PHP  12. do_shortcode() C:\Users\kelly\Local Sites\studio5155\app\public\wp-content\plugins\woocommerce\includes\class-wc-structured-data.php:203
[28-Nov-2019 23:04:45 UTC] PHP  13. preg_replace_callback() C:\Users\kelly\Local Sites\studio5155\app\public\wp-includes\shortcodes.php:199
[28-Nov-2019 23:04:45 UTC] PHP  14. do_shortcode_tag() C:\Users\kelly\Local Sites\studio5155\app\public\wp-includes\shortcodes.php:199
[28-Nov-2019 23:04:45 UTC] PHP  15. wpas_schedule_product_availability_shortcode() C:\Users\kelly\Local Sites\studio5155\app\public\wp-includes\shortcodes.php:325
[28-Nov-2019 23:04:45 UTC] PHP Warning:  Illegal string offset 'columns' in C:\Users\kelly\Local Sites\studio5155\app\public\wp-content\plugins\woo-product-availability-scheduler\shortcodes.php on line 22
[28-Nov-2019 23:04:45 UTC] PHP Stack trace:
[28-Nov-2019 23:04:45 UTC] PHP   1. {main}() C:\Users\kelly\Local Sites\studio5155\app\public\index.php:0
[28-Nov-2019 23:04:45 UTC] PHP   2. require() C:\Users\kelly\Local Sites\studio5155\app\public\index.php:17
[28-Nov-2019 23:04:45 UTC] PHP   3. require_once() C:\Users\kelly\Local Sites\studio5155\app\public\wp-blog-header.php:19
[28-Nov-2019 23:04:45 UTC] PHP   4. include() C:\Users\kelly\Local Sites\studio5155\app\public\wp-includes\template-loader.php:98
[28-Nov-2019 23:04:45 UTC] PHP   5. wc_get_template_part() C:\Users\kelly\Local Sites\studio5155\app\public\wp-content\plugins\woocommerce\templates\single-product.php:36
[28-Nov-2019 23:04:45 UTC] PHP   6. load_template() C:\Users\kelly\Local Sites\studio5155\app\public\wp-content\plugins\woocommerce\includes\wc-core-functions.php:195
[28-Nov-2019 23:04:45 UTC] PHP   7. require() C:\Users\kelly\Local Sites\studio5155\app\public\wp-includes\template.php:724
[28-Nov-2019 23:04:45 UTC] PHP   8. do_action() C:\Users\kelly\Local Sites\studio5155\app\public\wp-content\plugins\woocommerce\templates\content-single-product.php:72
[28-Nov-2019 23:04:45 UTC] PHP   9. WP_Hook->do_action() C:\Users\kelly\Local Sites\studio5155\app\public\wp-includes\plugin.php:478
[28-Nov-2019 23:04:45 UTC] PHP  10. WP_Hook->apply_filters() C:\Users\kelly\Local Sites\studio5155\app\public\wp-includes\class-wp-hook.php:312
[28-Nov-2019 23:04:45 UTC] PHP  11. woocommerce_output_product_data_tabs() C:\Users\kelly\Local Sites\studio5155\app\public\wp-includes\class-wp-hook.php:288
[28-Nov-2019 23:04:45 UTC] PHP  12. wc_get_template() C:\Users\kelly\Local Sites\studio5155\app\public\wp-content\plugins\woocommerce\includes\wc-template-functions.php:1495
[28-Nov-2019 23:04:45 UTC] PHP  13. include() C:\Users\kelly\Local Sites\studio5155\app\public\wp-content\plugins\woocommerce\includes\wc-core-functions.php:249
[28-Nov-2019 23:04:45 UTC] PHP  14. woocommerce_product_description_tab() C:\Users\kelly\Local Sites\studio5155\app\public\wp-content\plugins\woocommerce\templates\single-product\tabs\tabs.php:47
[28-Nov-2019 23:04:45 UTC] PHP  15. wc_get_template() C:\Users\kelly\Local Sites\studio5155\app\public\wp-content\plugins\woocommerce\includes\wc-template-functions.php:1710
[28-Nov-2019 23:04:45 UTC] PHP  16. include() C:\Users\kelly\Local Sites\studio5155\app\public\wp-content\plugins\woocommerce\includes\wc-core-functions.php:249
[28-Nov-2019 23:04:45 UTC] PHP  17. the_content() C:\Users\kelly\Local Sites\studio5155\app\public\wp-content\plugins\woocommerce\templates\single-product\tabs\description.php:30
[28-Nov-2019 23:04:45 UTC] PHP  18. apply_filters() C:\Users\kelly\Local Sites\studio5155\app\public\wp-includes\post-template.php:253
[28-Nov-2019 23:04:45 UTC] PHP  19. WP_Hook->apply_filters() C:\Users\kelly\Local Sites\studio5155\app\public\wp-includes\plugin.php:206
[28-Nov-2019 23:04:45 UTC] PHP  20. do_shortcode() C:\Users\kelly\Local Sites\studio5155\app\public\wp-includes\class-wp-hook.php:288
[28-Nov-2019 23:04:45 UTC] PHP  21. preg_replace_callback() C:\Users\kelly\Local Sites\studio5155\app\public\wp-includes\shortcodes.php:199
[28-Nov-2019 23:04:45 UTC] PHP  22. do_shortcode_tag() C:\Users\kelly\Local Sites\studio5155\app\public\wp-includes\shortcodes.php:199
[28-Nov-2019 23:04:45 UTC] PHP  23. wpas_schedule_product_availability_shortcode() C:\Users\kelly\Local Sites\studio5155\app\public\wp-includes\shortcodes.php:325
[28-Nov-2019 23:04:45 UTC] PHP Warning:  Illegal string offset 'limit' in C:\Users\kelly\Local Sites\studio5155\app\public\wp-content\plugins\woo-product-availability-scheduler\shortcodes.php on line 29
[28-Nov-2019 23:04:45 UTC] PHP Stack trace:
[28-Nov-2019 23:04:45 UTC] PHP   1. {main}() C:\Users\kelly\Local Sites\studio5155\app\public\index.php:0
[28-Nov-2019 23:04:45 UTC] PHP   2. require() C:\Users\kelly\Local Sites\studio5155\app\public\index.php:17
[28-Nov-2019 23:04:45 UTC] PHP   3. require_once() C:\Users\kelly\Local Sites\studio5155\app\public\wp-blog-header.php:19
[28-Nov-2019 23:04:45 UTC] PHP   4. include() C:\Users\kelly\Local Sites\studio5155\app\public\wp-includes\template-loader.php:98
[28-Nov-2019 23:04:45 UTC] PHP   5. wc_get_template_part() C:\Users\kelly\Local Sites\studio5155\app\public\wp-content\plugins\woocommerce\templates\single-product.php:36
[28-Nov-2019 23:04:45 UTC] PHP   6. load_template() C:\Users\kelly\Local Sites\studio5155\app\public\wp-content\plugins\woocommerce\includes\wc-core-functions.php:195
[28-Nov-2019 23:04:45 UTC] PHP   7. require() C:\Users\kelly\Local Sites\studio5155\app\public\wp-includes\template.php:724
[28-Nov-2019 23:04:45 UTC] PHP   8. do_action() C:\Users\kelly\Local Sites\studio5155\app\public\wp-content\plugins\woocommerce\templates\content-single-product.php:72
[28-Nov-2019 23:04:45 UTC] PHP   9. WP_Hook->do_action() C:\Users\kelly\Local Sites\studio5155\app\public\wp-includes\plugin.php:478
[28-Nov-2019 23:04:45 UTC] PHP  10. WP_Hook->apply_filters() C:\Users\kelly\Local Sites\studio5155\app\public\wp-includes\class-wp-hook.php:312
[28-Nov-2019 23:04:45 UTC] PHP  11. woocommerce_output_product_data_tabs() C:\Users\kelly\Local Sites\studio5155\app\public\wp-includes\class-wp-hook.php:288
[28-Nov-2019 23:04:45 UTC] PHP  12. wc_get_template() C:\Users\kelly\Local Sites\studio5155\app\public\wp-content\plugins\woocommerce\includes\wc-template-functions.php:1495
[28-Nov-2019 23:04:45 UTC] PHP  13. include() C:\Users\kelly\Local Sites\studio5155\app\public\wp-content\plugins\woocommerce\includes\wc-core-functions.php:249
[28-Nov-2019 23:04:45 UTC] PHP  14. woocommerce_product_description_tab() C:\Users\kelly\Local Sites\studio5155\app\public\wp-content\plugins\woocommerce\templates\single-product\tabs\tabs.php:47
[28-Nov-2019 23:04:45 UTC] PHP  15. wc_get_template() C:\Users\kelly\Local Sites\studio5155\app\public\wp-content\plugins\woocommerce\includes\wc-template-functions.php:1710
[28-Nov-2019 23:04:45 UTC] PHP  16. include() C:\Users\kelly\Local Sites\studio5155\app\public\wp-content\plugins\woocommerce\includes\wc-core-functions.php:249
[28-Nov-2019 23:04:45 UTC] PHP  17. the_content() C:\Users\kelly\Local Sites\studio5155\app\public\wp-content\plugins\woocommerce\templates\single-product\tabs\description.php:30
[28-Nov-2019 23:04:45 UTC] PHP  18. apply_filters() C:\Users\kelly\Local Sites\studio5155\app\public\wp-includes\post-template.php:253
[28-Nov-2019 23:04:45 UTC] PHP  19. WP_Hook->apply_filters() C:\Users\kelly\Local Sites\studio5155\app\public\wp-includes\plugin.php:206
[28-Nov-2019 23:04:45 UTC] PHP  20. do_shortcode() C:\Users\kelly\Local Sites\studio5155\app\public\wp-includes\class-wp-hook.php:288
[28-Nov-2019 23:04:45 UTC] PHP  21. preg_replace_callback() C:\Users\kelly\Local Sites\studio5155\app\public\wp-includes\shortcodes.php:199
[28-Nov-2019 23:04:45 UTC] PHP  22. do_shortcode_tag() C:\Users\kelly\Local Sites\studio5155\app\public\wp-includes\shortcodes.php:199
[28-Nov-2019 23:04:45 UTC] PHP  23. wpas_schedule_product_availability_shortcode() C:\Users\kelly\Local Sites\studio5155\app\public\wp-includes\shortcodes.php:325
[28-Nov-2019 23:06:42 UTC] PHP Warning:  Illegal string offset 'columns' in C:\Users\kelly\Local Sites\studio5155\app\public\wp-content\plugins\woo-product-availability-scheduler\shortcodes.php on line 22
[28-Nov-2019 23:06:42 UTC] PHP Stack trace:
[28-Nov-2019 23:06:42 UTC] PHP   1. {main}() C:\Users\kelly\Local Sites\studio5155\app\public\index.php:0
[28-Nov-2019 23:06:42 UTC] PHP   2. require() C:\Users\kelly\Local Sites\studio5155\app\public\index.php:17
[28-Nov-2019 23:06:42 UTC] PHP   3. require_once() C:\Users\kelly\Local Sites\studio5155\app\public\wp-blog-header.php:19
[28-Nov-2019 23:06:42 UTC] PHP   4. include() C:\Users\kelly\Local Sites\studio5155\app\public\wp-includes\template-loader.php:98
[28-Nov-2019 23:06:42 UTC] PHP   5. wc_get_template_part() C:\Users\kelly\Local Sites\studio5155\app\public\wp-content\plugins\woocommerce\templates\single-product.php:36
[28-Nov-2019 23:06:42 UTC] PHP   6. load_template() C:\Users\kelly\Local Sites\studio5155\app\public\wp-content\plugins\woocommerce\includes\wc-core-functions.php:195
[28-Nov-2019 23:06:42 UTC] PHP   7. require() C:\Users\kelly\Local Sites\studio5155\app\public\wp-includes\template.php:724
[28-Nov-2019 23:06:42 UTC] PHP   8. do_action() C:\Users\kelly\Local Sites\studio5155\app\public\wp-content\plugins\woocommerce\templates\content-single-product.php:60
[28-Nov-2019 23:06:42 UTC] PHP   9. WP_Hook->do_action() C:\Users\kelly\Local Sites\studio5155\app\public\wp-includes\plugin.php:478
[28-Nov-2019 23:06:42 UTC] PHP  10. WP_Hook->apply_filters() C:\Users\kelly\Local Sites\studio5155\app\public\wp-includes\class-wp-hook.php:312
[28-Nov-2019 23:06:42 UTC] PHP  11. WC_Structured_Data->generate_product_data() C:\Users\kelly\Local Sites\studio5155\app\public\wp-includes\class-wp-hook.php:288
[28-Nov-2019 23:06:42 UTC] PHP  12. do_shortcode() C:\Users\kelly\Local Sites\studio5155\app\public\wp-content\plugins\woocommerce\includes\class-wc-structured-data.php:203
[28-Nov-2019 23:06:42 UTC] PHP  13. preg_replace_callback() C:\Users\kelly\Local Sites\studio5155\app\public\wp-includes\shortcodes.php:199
[28-Nov-2019 23:06:42 UTC] PHP  14. do_shortcode_tag() C:\Users\kelly\Local Sites\studio5155\app\public\wp-includes\shortcodes.php:199
[28-Nov-2019 23:06:42 UTC] PHP  15. wpas_schedule_product_availability_shortcode() C:\Users\kelly\Local Sites\studio5155\app\public\wp-includes\shortcodes.php:325
[28-Nov-2019 23:06:42 UTC] PHP Warning:  Illegal string offset 'limit' in C:\Users\kelly\Local Sites\studio5155\app\public\wp-content\plugins\woo-product-availability-scheduler\shortcodes.php on line 29
[28-Nov-2019 23:06:42 UTC] PHP Stack trace:
[28-Nov-2019 23:06:42 UTC] PHP   1. {main}() C:\Users\kelly\Local Sites\studio5155\app\public\index.php:0
[28-Nov-2019 23:06:42 UTC] PHP   2. require() C:\Users\kelly\Local Sites\studio5155\app\public\index.php:17
[28-Nov-2019 23:06:42 UTC] PHP   3. require_once() C:\Users\kelly\Local Sites\studio5155\app\public\wp-blog-header.php:19
[28-Nov-2019 23:06:42 UTC] PHP   4. include() C:\Users\kelly\Local Sites\studio5155\app\public\wp-includes\template-loader.php:98
[28-Nov-2019 23:06:42 UTC] PHP   5. wc_get_template_part() C:\Users\kelly\Local Sites\studio5155\app\public\wp-content\plugins\woocommerce\templates\single-product.php:36
[28-Nov-2019 23:06:42 UTC] PHP   6. load_template() C:\Users\kelly\Local Sites\studio5155\app\public\wp-content\plugins\woocommerce\includes\wc-core-functions.php:195
[28-Nov-2019 23:06:42 UTC] PHP   7. require() C:\Users\kelly\Local Sites\studio5155\app\public\wp-includes\template.php:724
[28-Nov-2019 23:06:42 UTC] PHP   8. do_action() C:\Users\kelly\Local Sites\studio5155\app\public\wp-content\plugins\woocommerce\templates\content-single-product.php:60
[28-Nov-2019 23:06:42 UTC] PHP   9. WP_Hook->do_action() C:\Users\kelly\Local Sites\studio5155\app\public\wp-includes\plugin.php:478
[28-Nov-2019 23:06:42 UTC] PHP  10. WP_Hook->apply_filters() C:\Users\kelly\Local Sites\studio5155\app\public\wp-includes\class-wp-hook.php:312
[28-Nov-2019 23:06:42 UTC] PHP  11. WC_Structured_Data->generate_product_data() C:\Users\kelly\Local Sites\studio5155\app\public\wp-includes\class-wp-hook.php:288
[28-Nov-2019 23:06:42 UTC] PHP  12. do_shortcode() C:\Users\kelly\Local Sites\studio5155\app\public\wp-content\plugins\woocommerce\includes\class-wc-structured-data.php:203
[28-Nov-2019 23:06:42 UTC] PHP  13. preg_replace_callback() C:\Users\kelly\Local Sites\studio5155\app\public\wp-includes\shortcodes.php:199
[28-Nov-2019 23:06:42 UTC] PHP  14. do_shortcode_tag() C:\Users\kelly\Local Sites\studio5155\app\public\wp-includes\shortcodes.php:199
[28-Nov-2019 23:06:42 UTC] PHP  15. wpas_schedule_product_availability_shortcode() C:\Users\kelly\Local Sites\studio5155\app\public\wp-includes\shortcodes.php:325
[28-Nov-2019 23:06:42 UTC] PHP Warning:  Illegal string offset 'columns' in C:\Users\kelly\Local Sites\studio5155\app\public\wp-content\plugins\woo-product-availability-scheduler\shortcodes.php on line 22
[28-Nov-2019 23:06:42 UTC] PHP Stack trace:
[28-Nov-2019 23:06:42 UTC] PHP   1. {main}() C:\Users\kelly\Local Sites\studio5155\app\public\index.php:0
[28-Nov-2019 23:06:42 UTC] PHP   2. require() C:\Users\kelly\Local Sites\studio5155\app\public\index.php:17
[28-Nov-2019 23:06:42 UTC] PHP   3. require_once() C:\Users\kelly\Local Sites\studio5155\app\public\wp-blog-header.php:19
[28-Nov-2019 23:06:42 UTC] PHP   4. include() C:\Users\kelly\Local Sites\studio5155\app\public\wp-includes\template-loader.php:98
[28-Nov-2019 23:06:42 UTC] PHP   5. wc_get_template_part() C:\Users\kelly\Local Sites\studio5155\app\public\wp-content\plugins\woocommerce\templates\single-product.php:36
[28-Nov-2019 23:06:42 UTC] PHP   6. load_template() C:\Users\kelly\Local Sites\studio5155\app\public\wp-content\plugins\woocommerce\includes\wc-core-functions.php:195
[28-Nov-2019 23:06:42 UTC] PHP   7. require() C:\Users\kelly\Local Sites\studio5155\app\public\wp-includes\template.php:724
[28-Nov-2019 23:06:42 UTC] PHP   8. do_action() C:\Users\kelly\Local Sites\studio5155\app\public\wp-content\plugins\woocommerce\templates\content-single-product.php:72
[28-Nov-2019 23:06:42 UTC] PHP   9. WP_Hook->do_action() C:\Users\kelly\Local Sites\studio5155\app\public\wp-includes\plugin.php:478
[28-Nov-2019 23:06:42 UTC] PHP  10. WP_Hook->apply_filters() C:\Users\kelly\Local Sites\studio5155\app\public\wp-includes\class-wp-hook.php:312
[28-Nov-2019 23:06:42 UTC] PHP  11. woocommerce_output_product_data_tabs() C:\Users\kelly\Local Sites\studio5155\app\public\wp-includes\class-wp-hook.php:288
[28-Nov-2019 23:06:42 UTC] PHP  12. wc_get_template() C:\Users\kelly\Local Sites\studio5155\app\public\wp-content\plugins\woocommerce\includes\wc-template-functions.php:1495
[28-Nov-2019 23:06:42 UTC] PHP  13. include() C:\Users\kelly\Local Sites\studio5155\app\public\wp-content\plugins\woocommerce\includes\wc-core-functions.php:249
[28-Nov-2019 23:06:42 UTC] PHP  14. woocommerce_product_description_tab() C:\Users\kelly\Local Sites\studio5155\app\public\wp-content\plugins\woocommerce\templates\single-product\tabs\tabs.php:47
[28-Nov-2019 23:06:42 UTC] PHP  15. wc_get_template() C:\Users\kelly\Local Sites\studio5155\app\public\wp-content\plugins\woocommerce\includes\wc-template-functions.php:1710
[28-Nov-2019 23:06:42 UTC] PHP  16. include() C:\Users\kelly\Local Sites\studio5155\app\public\wp-content\plugins\woocommerce\includes\wc-core-functions.php:249
[28-Nov-2019 23:06:42 UTC] PHP  17. the_content() C:\Users\kelly\Local Sites\studio5155\app\public\wp-content\plugins\woocommerce\templates\single-product\tabs\description.php:30
[28-Nov-2019 23:06:42 UTC] PHP  18. apply_filters() C:\Users\kelly\Local Sites\studio5155\app\public\wp-includes\post-template.php:253
[28-Nov-2019 23:06:42 UTC] PHP  19. WP_Hook->apply_filters() C:\Users\kelly\Local Sites\studio5155\app\public\wp-includes\plugin.php:206
[28-Nov-2019 23:06:42 UTC] PHP  20. do_shortcode() C:\Users\kelly\Local Sites\studio5155\app\public\wp-includes\class-wp-hook.php:288
[28-Nov-2019 23:06:42 UTC] PHP  21. preg_replace_callback() C:\Users\kelly\Local Sites\studio5155\app\public\wp-includes\shortcodes.php:199
[28-Nov-2019 23:06:42 UTC] PHP  22. do_shortcode_tag() C:\Users\kelly\Local Sites\studio5155\app\public\wp-includes\shortcodes.php:199
[28-Nov-2019 23:06:42 UTC] PHP  23. wpas_schedule_product_availability_shortcode() C:\Users\kelly\Local Sites\studio5155\app\public\wp-includes\shortcodes.php:325
[28-Nov-2019 23:06:42 UTC] PHP Warning:  Illegal string offset 'limit' in C:\Users\kelly\Local Sites\studio5155\app\public\wp-content\plugins\woo-product-availability-scheduler\shortcodes.php on line 29
[28-Nov-2019 23:06:42 UTC] PHP Stack trace:
[28-Nov-2019 23:06:42 UTC] PHP   1. {main}() C:\Users\kelly\Local Sites\studio5155\app\public\index.php:0
[28-Nov-2019 23:06:42 UTC] PHP   2. require() C:\Users\kelly\Local Sites\studio5155\app\public\index.php:17
[28-Nov-2019 23:06:42 UTC] PHP   3. require_once() C:\Users\kelly\Local Sites\studio5155\app\public\wp-blog-header.php:19
[28-Nov-2019 23:06:42 UTC] PHP   4. include() C:\Users\kelly\Local Sites\studio5155\app\public\wp-includes\template-loader.php:98
[28-Nov-2019 23:06:42 UTC] PHP   5. wc_get_template_part() C:\Users\kelly\Local Sites\studio5155\app\public\wp-content\plugins\woocommerce\templates\single-product.php:36
[28-Nov-2019 23:06:42 UTC] PHP   6. load_template() C:\Users\kelly\Local Sites\studio5155\app\public\wp-content\plugins\woocommerce\includes\wc-core-functions.php:195
[28-Nov-2019 23:06:42 UTC] PHP   7. require() C:\Users\kelly\Local Sites\studio5155\app\public\wp-includes\template.php:724
[28-Nov-2019 23:06:42 UTC] PHP   8. do_action() C:\Users\kelly\Local Sites\studio5155\app\public\wp-content\plugins\woocommerce\templates\content-single-product.php:72
[28-Nov-2019 23:06:42 UTC] PHP   9. WP_Hook->do_action() C:\Users\kelly\Local Sites\studio5155\app\public\wp-includes\plugin.php:478
[28-Nov-2019 23:06:42 UTC] PHP  10. WP_Hook->apply_filters() C:\Users\kelly\Local Sites\studio5155\app\public\wp-includes\class-wp-hook.php:312
[28-Nov-2019 23:06:42 UTC] PHP  11. woocommerce_output_product_data_tabs() C:\Users\kelly\Local Sites\studio5155\app\public\wp-includes\class-wp-hook.php:288
[28-Nov-2019 23:06:42 UTC] PHP  12. wc_get_template() C:\Users\kelly\Local Sites\studio5155\app\public\wp-content\plugins\woocommerce\includes\wc-template-functions.php:1495
[28-Nov-2019 23:06:42 UTC] PHP  13. include() C:\Users\kelly\Local Sites\studio5155\app\public\wp-content\plugins\woocommerce\includes\wc-core-functions.php:249
[28-Nov-2019 23:06:42 UTC] PHP  14. woocommerce_product_description_tab() C:\Users\kelly\Local Sites\studio5155\app\public\wp-content\plugins\woocommerce\templates\single-product\tabs\tabs.php:47
[28-Nov-2019 23:06:42 UTC] PHP  15. wc_get_template() C:\Users\kelly\Local Sites\studio5155\app\public\wp-content\plugins\woocommerce\includes\wc-template-functions.php:1710
[28-Nov-2019 23:06:42 UTC] PHP  16. include() C:\Users\kelly\Local Sites\studio5155\app\public\wp-content\plugins\woocommerce\includes\wc-core-functions.php:249
[28-Nov-2019 23:06:42 UTC] PHP  17. the_content() C:\Users\kelly\Local Sites\studio5155\app\public\wp-content\plugins\woocommerce\templates\single-product\tabs\description.php:30
[28-Nov-2019 23:06:42 UTC] PHP  18. apply_filters() C:\Users\kelly\Local Sites\studio5155\app\public\wp-includes\post-template.php:253
[28-Nov-2019 23:06:42 UTC] PHP  19. WP_Hook->apply_filters() C:\Users\kelly\Local Sites\studio5155\app\public\wp-includes\plugin.php:206
[28-Nov-2019 23:06:42 UTC] PHP  20. do_shortcode() C:\Users\kelly\Local Sites\studio5155\app\public\wp-includes\class-wp-hook.php:288
[28-Nov-2019 23:06:42 UTC] PHP  21. preg_replace_callback() C:\Users\kelly\Local Sites\studio5155\app\public\wp-includes\shortcodes.php:199
[28-Nov-2019 23:06:42 UTC] PHP  22. do_shortcode_tag() C:\Users\kelly\Local Sites\studio5155\app\public\wp-includes\shortcodes.php:199
[28-Nov-2019 23:06:42 UTC] PHP  23. wpas_schedule_product_availability_shortcode() C:\Users\kelly\Local Sites\studio5155\app\public\wp-includes\shortcodes.php:325
[28-Nov-2019 23:24:16 UTC] PHP Warning:  array_map(): Expected parameter 2 to be an array, string given in C:\Users\kelly\Local Sites\studio5155\app\public\wp-content\plugins\hurrytimer\includes\Admin.php on line 568
[28-Nov-2019 23:24:16 UTC] PHP Stack trace:
[28-Nov-2019 23:24:16 UTC] PHP   1. {main}() C:\Users\kelly\Local Sites\studio5155\app\public\wp-admin\admin-ajax.php:0
[28-Nov-2019 23:24:16 UTC] PHP   2. do_action() C:\Users\kelly\Local Sites\studio5155\app\public\wp-admin\admin-ajax.php:175
[28-Nov-2019 23:24:16 UTC] PHP   3. WP_Hook->do_action() C:\Users\kelly\Local Sites\studio5155\app\public\wp-includes\plugin.php:478
[28-Nov-2019 23:24:16 UTC] PHP   4. WP_Hook->apply_filters() C:\Users\kelly\Local Sites\studio5155\app\public\wp-includes\class-wp-hook.php:312
[28-Nov-2019 23:24:16 UTC] PHP   5. Hurrytimer\Admin->ajaxWcSearchProducts() C:\Users\kelly\Local Sites\studio5155\app\public\wp-includes\class-wp-hook.php:288
[28-Nov-2019 23:24:16 UTC] PHP   6. array_map() C:\Users\kelly\Local Sites\studio5155\app\public\wp-content\plugins\hurrytimer\includes\Admin.php:568
[28-Nov-2019 23:24:17 UTC] PHP Warning:  array_map(): Expected parameter 2 to be an array, string given in C:\Users\kelly\Local Sites\studio5155\app\public\wp-content\plugins\hurrytimer\includes\Admin.php on line 568
[28-Nov-2019 23:24:17 UTC] PHP Stack trace:
[28-Nov-2019 23:24:17 UTC] PHP   1. {main}() C:\Users\kelly\Local Sites\studio5155\app\public\wp-admin\admin-ajax.php:0
[28-Nov-2019 23:24:17 UTC] PHP   2. do_action() C:\Users\kelly\Local Sites\studio5155\app\public\wp-admin\admin-ajax.php:175
[28-Nov-2019 23:24:17 UTC] PHP   3. WP_Hook->do_action() C:\Users\kelly\Local Sites\studio5155\app\public\wp-includes\plugin.php:478
[28-Nov-2019 23:24:17 UTC] PHP   4. WP_Hook->apply_filters() C:\Users\kelly\Local Sites\studio5155\app\public\wp-includes\class-wp-hook.php:312
[28-Nov-2019 23:24:17 UTC] PHP   5. Hurrytimer\Admin->ajaxWcSearchProducts() C:\Users\kelly\Local Sites\studio5155\app\public\wp-includes\class-wp-hook.php:288
[28-Nov-2019 23:24:17 UTC] PHP   6. array_map() C:\Users\kelly\Local Sites\studio5155\app\public\wp-content\plugins\hurrytimer\includes\Admin.php:568
[28-Nov-2019 23:24:17 UTC] PHP Warning:  array_map(): Expected parameter 2 to be an array, string given in C:\Users\kelly\Local Sites\studio5155\app\public\wp-content\plugins\hurrytimer\includes\Admin.php on line 568
[28-Nov-2019 23:24:17 UTC] PHP Stack trace:
[28-Nov-2019 23:24:17 UTC] PHP   1. {main}() C:\Users\kelly\Local Sites\studio5155\app\public\wp-admin\admin-ajax.php:0
[28-Nov-2019 23:24:17 UTC] PHP   2. do_action() C:\Users\kelly\Local Sites\studio5155\app\public\wp-admin\admin-ajax.php:175
[28-Nov-2019 23:24:17 UTC] PHP   3. WP_Hook->do_action() C:\Users\kelly\Local Sites\studio5155\app\public\wp-includes\plugin.php:478
[28-Nov-2019 23:24:17 UTC] PHP   4. WP_Hook->apply_filters() C:\Users\kelly\Local Sites\studio5155\app\public\wp-includes\class-wp-hook.php:312
[28-Nov-2019 23:24:17 UTC] PHP   5. Hurrytimer\Admin->ajaxWcSearchProducts() C:\Users\kelly\Local Sites\studio5155\app\public\wp-includes\class-wp-hook.php:288
[28-Nov-2019 23:24:17 UTC] PHP   6. array_map() C:\Users\kelly\Local Sites\studio5155\app\public\wp-content\plugins\hurrytimer\includes\Admin.php:568
[28-Nov-2019 23:24:17 UTC] PHP Warning:  array_map(): Expected parameter 2 to be an array, string given in C:\Users\kelly\Local Sites\studio5155\app\public\wp-content\plugins\hurrytimer\includes\Admin.php on line 568
[28-Nov-2019 23:24:17 UTC] PHP Stack trace:
[28-Nov-2019 23:24:17 UTC] PHP   1. {main}() C:\Users\kelly\Local Sites\studio5155\app\public\wp-admin\admin-ajax.php:0
[28-Nov-2019 23:24:17 UTC] PHP   2. do_action() C:\Users\kelly\Local Sites\studio5155\app\public\wp-admin\admin-ajax.php:175
[28-Nov-2019 23:24:17 UTC] PHP   3. WP_Hook->do_action() C:\Users\kelly\Local Sites\studio5155\app\public\wp-includes\plugin.php:478
[28-Nov-2019 23:24:17 UTC] PHP   4. WP_Hook->apply_filters() C:\Users\kelly\Local Sites\studio5155\app\public\wp-includes\class-wp-hook.php:312
[28-Nov-2019 23:24:17 UTC] PHP   5. Hurrytimer\Admin->ajaxWcSearchProducts() C:\Users\kelly\Local Sites\studio5155\app\public\wp-includes\class-wp-hook.php:288
[28-Nov-2019 23:24:17 UTC] PHP   6. array_map() C:\Users\kelly\Local Sites\studio5155\app\public\wp-content\plugins\hurrytimer\includes\Admin.php:568
[29-Nov-2019 00:05:58 UTC] PHP Warning:  Use of undefined constant timer - assumed 'timer' (this will throw an Error in a future version of PHP) in C:\Users\kelly\Local Sites\studio5155\app\public\wp-content\themes\studio55\front-page.php on line 27
[29-Nov-2019 00:05:58 UTC] PHP Stack trace:
[29-Nov-2019 00:05:58 UTC] PHP   1. {main}() C:\Users\kelly\Local Sites\studio5155\app\public\index.php:0
[29-Nov-2019 00:05:58 UTC] PHP   2. require() C:\Users\kelly\Local Sites\studio5155\app\public\index.php:17
[29-Nov-2019 00:05:58 UTC] PHP   3. require_once() C:\Users\kelly\Local Sites\studio5155\app\public\wp-blog-header.php:19
[29-Nov-2019 00:05:58 UTC] PHP   4. include() C:\Users\kelly\Local Sites\studio5155\app\public\wp-includes\template-loader.php:98
[29-Nov-2019 00:05:58 UTC] PHP Warning:  Use of undefined constant timer - assumed 'timer' (this will throw an Error in a future version of PHP) in C:\Users\kelly\Local Sites\studio5155\app\public\wp-content\themes\studio55\front-page.php on line 27
[29-Nov-2019 00:05:58 UTC] PHP Stack trace:
[29-Nov-2019 00:05:58 UTC] PHP   1. {main}() C:\Users\kelly\Local Sites\studio5155\app\public\index.php:0
[29-Nov-2019 00:05:58 UTC] PHP   2. require() C:\Users\kelly\Local Sites\studio5155\app\public\index.php:17
[29-Nov-2019 00:05:58 UTC] PHP   3. require_once() C:\Users\kelly\Local Sites\studio5155\app\public\wp-blog-header.php:19
[29-Nov-2019 00:05:58 UTC] PHP   4. include() C:\Users\kelly\Local Sites\studio5155\app\public\wp-includes\template-loader.php:98
[29-Nov-2019 00:05:58 UTC] PHP Warning:  Use of undefined constant timer - assumed 'timer' (this will throw an Error in a future version of PHP) in C:\Users\kelly\Local Sites\studio5155\app\public\wp-content\themes\studio55\front-page.php on line 27
[29-Nov-2019 00:05:58 UTC] PHP Stack trace:
[29-Nov-2019 00:05:58 UTC] PHP   1. {main}() C:\Users\kelly\Local Sites\studio5155\app\public\index.php:0
[29-Nov-2019 00:05:58 UTC] PHP   2. require() C:\Users\kelly\Local Sites\studio5155\app\public\index.php:17
[29-Nov-2019 00:05:58 UTC] PHP   3. require_once() C:\Users\kelly\Local Sites\studio5155\app\public\wp-blog-header.php:19
[29-Nov-2019 00:05:58 UTC] PHP   4. include() C:\Users\kelly\Local Sites\studio5155\app\public\wp-includes\template-loader.php:98
[29-Nov-2019 00:05:58 UTC] PHP Warning:  Use of undefined constant timer - assumed 'timer' (this will throw an Error in a future version of PHP) in C:\Users\kelly\Local Sites\studio5155\app\public\wp-content\themes\studio55\front-page.php on line 27
[29-Nov-2019 00:05:58 UTC] PHP Stack trace:
[29-Nov-2019 00:05:58 UTC] PHP   1. {main}() C:\Users\kelly\Local Sites\studio5155\app\public\index.php:0
[29-Nov-2019 00:05:58 UTC] PHP   2. require() C:\Users\kelly\Local Sites\studio5155\app\public\index.php:17
[29-Nov-2019 00:05:58 UTC] PHP   3. require_once() C:\Users\kelly\Local Sites\studio5155\app\public\wp-blog-header.php:19
[29-Nov-2019 00:05:58 UTC] PHP   4. include() C:\Users\kelly\Local Sites\studio5155\app\public\wp-includes\template-loader.php:98
[29-Nov-2019 00:47:22 UTC] PHP Fatal error:  Uncaught Error: Call to undefined function shortcode() in C:\Users\kelly\Local Sites\studio5155\app\public\wp-content\themes\studio55\front-page.php:28
Stack trace:
#0 C:\Users\kelly\Local Sites\studio5155\app\public\wp-includes\template-loader.php(98): include()
#1 C:\Users\kelly\Local Sites\studio5155\app\public\wp-blog-header.php(19): require_once('C:\\Users\\kelly\\...')
#2 C:\Users\kelly\Local Sites\studio5155\app\public\index.php(17): require('C:\\Users\\kelly\\...')
#3 {main}
  thrown in C:\Users\kelly\Local Sites\studio5155\app\public\wp-content\themes\studio55\front-page.php on line 28
[29-Nov-2019 01:59:33 UTC] PHP Catchable fatal error:  Object of class WP_Post could not be converted to string in C:\Users\kelly\Local Sites\studio5155\app\public\wp-content\plugins\advanced-custom-fields\includes\api\api-template.php on line 89
[29-Nov-2019 01:59:33 UTC] PHP Stack trace:
[29-Nov-2019 01:59:33 UTC] PHP   1. {main}() C:\Users\kelly\Local Sites\studio5155\app\public\index.php:0
[29-Nov-2019 01:59:33 UTC] PHP   2. require() C:\Users\kelly\Local Sites\studio5155\app\public\index.php:17
[29-Nov-2019 01:59:33 UTC] PHP   3. require_once() C:\Users\kelly\Local Sites\studio5155\app\public\wp-blog-header.php:19
[29-Nov-2019 01:59:33 UTC] PHP   4. include() C:\Users\kelly\Local Sites\studio5155\app\public\wp-includes\template-loader.php:98
[29-Nov-2019 01:59:33 UTC] PHP   5. the_field() C:\Users\kelly\Local Sites\studio5155\app\public\wp-content\themes\studio55\front-page.php:27
[29-Nov-2019 02:00:14 UTC] PHP Catchable fatal error:  Object of class WP_Post could not be converted to string in C:\Users\kelly\Local Sites\studio5155\app\public\wp-content\plugins\advanced-custom-fields\includes\api\api-template.php on line 89
[29-Nov-2019 02:00:14 UTC] PHP Stack trace:
[29-Nov-2019 02:00:14 UTC] PHP   1. {main}() C:\Users\kelly\Local Sites\studio5155\app\public\index.php:0
[29-Nov-2019 02:00:14 UTC] PHP   2. require() C:\Users\kelly\Local Sites\studio5155\app\public\index.php:17
[29-Nov-2019 02:00:14 UTC] PHP   3. require_once() C:\Users\kelly\Local Sites\studio5155\app\public\wp-blog-header.php:19
[29-Nov-2019 02:00:14 UTC] PHP   4. include() C:\Users\kelly\Local Sites\studio5155\app\public\wp-includes\template-loader.php:98
[29-Nov-2019 02:00:14 UTC] PHP   5. the_field() C:\Users\kelly\Local Sites\studio5155\app\public\wp-content\themes\studio55\front-page.php:27
[29-Nov-2019 02:00:54 UTC] PHP Catchable fatal error:  Object of class WP_Post could not be converted to string in C:\Users\kelly\Local Sites\studio5155\app\public\wp-content\themes\studio55\front-page.php on line 27
[29-Nov-2019 02:00:54 UTC] PHP Stack trace:
[29-Nov-2019 02:00:54 UTC] PHP   1. {main}() C:\Users\kelly\Local Sites\studio5155\app\public\index.php:0
[29-Nov-2019 02:00:54 UTC] PHP   2. require() C:\Users\kelly\Local Sites\studio5155\app\public\index.php:17
[29-Nov-2019 02:00:54 UTC] PHP   3. require_once() C:\Users\kelly\Local Sites\studio5155\app\public\wp-blog-header.php:19
[29-Nov-2019 02:00:54 UTC] PHP   4. include() C:\Users\kelly\Local Sites\studio5155\app\public\wp-includes\template-loader.php:98
[29-Nov-2019 02:02:20 UTC] PHP Catchable fatal error:  Object of class WP_Post could not be converted to string in C:\Users\kelly\Local Sites\studio5155\app\public\wp-content\plugins\advanced-custom-fields\includes\api\api-template.php on line 89
[29-Nov-2019 02:02:20 UTC] PHP Stack trace:
[29-Nov-2019 02:02:20 UTC] PHP   1. {main}() C:\Users\kelly\Local Sites\studio5155\app\public\index.php:0
[29-Nov-2019 02:02:20 UTC] PHP   2. require() C:\Users\kelly\Local Sites\studio5155\app\public\index.php:17
[29-Nov-2019 02:02:20 UTC] PHP   3. require_once() C:\Users\kelly\Local Sites\studio5155\app\public\wp-blog-header.php:19
[29-Nov-2019 02:02:20 UTC] PHP   4. include() C:\Users\kelly\Local Sites\studio5155\app\public\wp-includes\template-loader.php:98
[29-Nov-2019 02:02:20 UTC] PHP   5. the_field() C:\Users\kelly\Local Sites\studio5155\app\public\wp-content\themes\studio55\front-page.php:27
[29-Nov-2019 02:02:51 UTC] PHP Catchable fatal error:  Object of class WP_Post could not be converted to string in C:\Users\kelly\Local Sites\studio5155\app\public\wp-content\plugins\advanced-custom-fields\includes\api\api-template.php on line 89
[29-Nov-2019 02:02:51 UTC] PHP Stack trace:
[29-Nov-2019 02:02:51 UTC] PHP   1. {main}() C:\Users\kelly\Local Sites\studio5155\app\public\index.php:0
[29-Nov-2019 02:02:51 UTC] PHP   2. require() C:\Users\kelly\Local Sites\studio5155\app\public\index.php:17
[29-Nov-2019 02:02:51 UTC] PHP   3. require_once() C:\Users\kelly\Local Sites\studio5155\app\public\wp-blog-header.php:19
[29-Nov-2019 02:02:51 UTC] PHP   4. include() C:\Users\kelly\Local Sites\studio5155\app\public\wp-includes\template-loader.php:98
[29-Nov-2019 02:02:51 UTC] PHP   5. the_field() C:\Users\kelly\Local Sites\studio5155\app\public\wp-content\themes\studio55\front-page.php:27
[29-Nov-2019 02:04:07 UTC] PHP Catchable fatal error:  Object of class WP_Post could not be converted to string in C:\Users\kelly\Local Sites\studio5155\app\public\wp-content\plugins\advanced-custom-fields\includes\api\api-template.php on line 89
[29-Nov-2019 02:04:07 UTC] PHP Stack trace:
[29-Nov-2019 02:04:07 UTC] PHP   1. {main}() C:\Users\kelly\Local Sites\studio5155\app\public\index.php:0
[29-Nov-2019 02:04:07 UTC] PHP   2. require() C:\Users\kelly\Local Sites\studio5155\app\public\index.php:17
[29-Nov-2019 02:04:07 UTC] PHP   3. require_once() C:\Users\kelly\Local Sites\studio5155\app\public\wp-blog-header.php:19
[29-Nov-2019 02:04:07 UTC] PHP   4. include() C:\Users\kelly\Local Sites\studio5155\app\public\wp-includes\template-loader.php:98
[29-Nov-2019 02:04:07 UTC] PHP   5. the_field() C:\Users\kelly\Local Sites\studio5155\app\public\wp-content\themes\studio55\front-page.php:27
[29-Nov-2019 02:04:10 UTC] PHP Catchable fatal error:  Object of class WP_Post could not be converted to string in C:\Users\kelly\Local Sites\studio5155\app\public\wp-content\plugins\advanced-custom-fields\includes\api\api-template.php on line 89
[29-Nov-2019 02:04:10 UTC] PHP Stack trace:
[29-Nov-2019 02:04:10 UTC] PHP   1. {main}() C:\Users\kelly\Local Sites\studio5155\app\public\index.php:0
[29-Nov-2019 02:04:10 UTC] PHP   2. require() C:\Users\kelly\Local Sites\studio5155\app\public\index.php:17
[29-Nov-2019 02:04:10 UTC] PHP   3. require_once() C:\Users\kelly\Local Sites\studio5155\app\public\wp-blog-header.php:19
[29-Nov-2019 02:04:10 UTC] PHP   4. include() C:\Users\kelly\Local Sites\studio5155\app\public\wp-includes\template-loader.php:98
[29-Nov-2019 02:04:10 UTC] PHP   5. the_field() C:\Users\kelly\Local Sites\studio5155\app\public\wp-content\themes\studio55\front-page.php:27
[29-Nov-2019 02:04:24 UTC] PHP Catchable fatal error:  Object of class WP_Post could not be converted to string in C:\Users\kelly\Local Sites\studio5155\app\public\wp-content\plugins\advanced-custom-fields\includes\api\api-template.php on line 89
[29-Nov-2019 02:04:24 UTC] PHP Stack trace:
[29-Nov-2019 02:04:24 UTC] PHP   1. {main}() C:\Users\kelly\Local Sites\studio5155\app\public\index.php:0
[29-Nov-2019 02:04:24 UTC] PHP   2. require() C:\Users\kelly\Local Sites\studio5155\app\public\index.php:17
[29-Nov-2019 02:04:24 UTC] PHP   3. require_once() C:\Users\kelly\Local Sites\studio5155\app\public\wp-blog-header.php:19
[29-Nov-2019 02:04:24 UTC] PHP   4. include() C:\Users\kelly\Local Sites\studio5155\app\public\wp-includes\template-loader.php:98
[29-Nov-2019 02:04:24 UTC] PHP   5. the_field() C:\Users\kelly\Local Sites\studio5155\app\public\wp-content\themes\studio55\front-page.php:27
[29-Nov-2019 02:05:00 UTC] PHP Catchable fatal error:  Object of class WP_Post could not be converted to string in C:\Users\kelly\Local Sites\studio5155\app\public\wp-content\themes\studio55\front-page.php on line 27
[29-Nov-2019 02:05:00 UTC] PHP Stack trace:
[29-Nov-2019 02:05:00 UTC] PHP   1. {main}() C:\Users\kelly\Local Sites\studio5155\app\public\index.php:0
[29-Nov-2019 02:05:00 UTC] PHP   2. require() C:\Users\kelly\Local Sites\studio5155\app\public\index.php:17
[29-Nov-2019 02:05:00 UTC] PHP   3. require_once() C:\Users\kelly\Local Sites\studio5155\app\public\wp-blog-header.php:19
[29-Nov-2019 02:05:00 UTC] PHP   4. include() C:\Users\kelly\Local Sites\studio5155\app\public\wp-includes\template-loader.php:98
[29-Nov-2019 02:41:40 UTC] PHP Warning:  array_map(): Expected parameter 2 to be an array, string given in C:\Users\kelly\Local Sites\studio5155\app\public\wp-content\plugins\hurrytimer\includes\Admin.php on line 568
[29-Nov-2019 02:41:40 UTC] PHP Stack trace:
[29-Nov-2019 02:41:40 UTC] PHP   1. {main}() C:\Users\kelly\Local Sites\studio5155\app\public\wp-admin\admin-ajax.php:0
[29-Nov-2019 02:41:40 UTC] PHP   2. do_action() C:\Users\kelly\Local Sites\studio5155\app\public\wp-admin\admin-ajax.php:175
[29-Nov-2019 02:41:40 UTC] PHP   3. WP_Hook->do_action() C:\Users\kelly\Local Sites\studio5155\app\public\wp-includes\plugin.php:478
[29-Nov-2019 02:41:40 UTC] PHP   4. WP_Hook->apply_filters() C:\Users\kelly\Local Sites\studio5155\app\public\wp-includes\class-wp-hook.php:312
[29-Nov-2019 02:41:40 UTC] PHP   5. Hurrytimer\Admin->ajaxWcSearchProducts() C:\Users\kelly\Local Sites\studio5155\app\public\wp-includes\class-wp-hook.php:288
[29-Nov-2019 02:41:40 UTC] PHP   6. array_map() C:\Users\kelly\Local Sites\studio5155\app\public\wp-content\plugins\hurrytimer\includes\Admin.php:568
[29-Nov-2019 02:47:07 UTC] PHP Warning:  Illegal string offset 'columns' in C:\Users\kelly\Local Sites\studio5155\app\public\wp-content\plugins\woo-product-availability-scheduler\shortcodes.php on line 22
[29-Nov-2019 02:47:07 UTC] PHP Stack trace:
[29-Nov-2019 02:47:07 UTC] PHP   1. {main}() C:\Users\kelly\Local Sites\studio5155\app\public\index.php:0
[29-Nov-2019 02:47:07 UTC] PHP   2. require() C:\Users\kelly\Local Sites\studio5155\app\public\index.php:17
[29-Nov-2019 02:47:07 UTC] PHP   3. require_once() C:\Users\kelly\Local Sites\studio5155\app\public\wp-blog-header.php:19
[29-Nov-2019 02:47:07 UTC] PHP   4. include() C:\Users\kelly\Local Sites\studio5155\app\public\wp-includes\template-loader.php:98
[29-Nov-2019 02:47:07 UTC] PHP   5. do_shortcode() C:\Users\kelly\Local Sites\studio5155\app\public\wp-content\themes\studio55\front-page.php:30
[29-Nov-2019 02:47:07 UTC] PHP   6. preg_replace_callback() C:\Users\kelly\Local Sites\studio5155\app\public\wp-includes\shortcodes.php:199
[29-Nov-2019 02:47:07 UTC] PHP   7. do_shortcode_tag() C:\Users\kelly\Local Sites\studio5155\app\public\wp-includes\shortcodes.php:199
[29-Nov-2019 02:47:07 UTC] PHP   8. wpas_schedule_product_availability_shortcode() C:\Users\kelly\Local Sites\studio5155\app\public\wp-includes\shortcodes.php:325
[29-Nov-2019 02:47:07 UTC] PHP Warning:  Illegal string offset 'limit' in C:\Users\kelly\Local Sites\studio5155\app\public\wp-content\plugins\woo-product-availability-scheduler\shortcodes.php on line 29
[29-Nov-2019 02:47:07 UTC] PHP Stack trace:
[29-Nov-2019 02:47:07 UTC] PHP   1. {main}() C:\Users\kelly\Local Sites\studio5155\app\public\index.php:0
[29-Nov-2019 02:47:07 UTC] PHP   2. require() C:\Users\kelly\Local Sites\studio5155\app\public\index.php:17
[29-Nov-2019 02:47:07 UTC] PHP   3. require_once() C:\Users\kelly\Local Sites\studio5155\app\public\wp-blog-header.php:19
[29-Nov-2019 02:47:07 UTC] PHP   4. include() C:\Users\kelly\Local Sites\studio5155\app\public\wp-includes\template-loader.php:98
[29-Nov-2019 02:47:07 UTC] PHP   5. do_shortcode() C:\Users\kelly\Local Sites\studio5155\app\public\wp-content\themes\studio55\front-page.php:30
[29-Nov-2019 02:47:07 UTC] PHP   6. preg_replace_callback() C:\Users\kelly\Local Sites\studio5155\app\public\wp-includes\shortcodes.php:199
[29-Nov-2019 02:47:07 UTC] PHP   7. do_shortcode_tag() C:\Users\kelly\Local Sites\studio5155\app\public\wp-includes\shortcodes.php:199
[29-Nov-2019 02:47:07 UTC] PHP   8. wpas_schedule_product_availability_shortcode() C:\Users\kelly\Local Sites\studio5155\app\public\wp-includes\shortcodes.php:325
[29-Nov-2019 02:47:07 UTC] PHP Warning:  Illegal string offset 'columns' in C:\Users\kelly\Local Sites\studio5155\app\public\wp-content\plugins\woo-product-availability-scheduler\shortcodes.php on line 22
[29-Nov-2019 02:47:07 UTC] PHP Stack trace:
[29-Nov-2019 02:47:07 UTC] PHP   1. {main}() C:\Users\kelly\Local Sites\studio5155\app\public\index.php:0
[29-Nov-2019 02:47:07 UTC] PHP   2. require() C:\Users\kelly\Local Sites\studio5155\app\public\index.php:17
[29-Nov-2019 02:47:07 UTC] PHP   3. require_once() C:\Users\kelly\Local Sites\studio5155\app\public\wp-blog-header.php:19
[29-Nov-2019 02:47:07 UTC] PHP   4. include() C:\Users\kelly\Local Sites\studio5155\app\public\wp-includes\template-loader.php:98
[29-Nov-2019 02:47:07 UTC] PHP   5. do_shortcode() C:\Users\kelly\Local Sites\studio5155\app\public\wp-content\themes\studio55\front-page.php:30
[29-Nov-2019 02:47:07 UTC] PHP   6. preg_replace_callback() C:\Users\kelly\Local Sites\studio5155\app\public\wp-includes\shortcodes.php:199
[29-Nov-2019 02:47:07 UTC] PHP   7. do_shortcode_tag() C:\Users\kelly\Local Sites\studio5155\app\public\wp-includes\shortcodes.php:199
[29-Nov-2019 02:47:07 UTC] PHP   8. wpas_schedule_product_availability_shortcode() C:\Users\kelly\Local Sites\studio5155\app\public\wp-includes\shortcodes.php:325
[29-Nov-2019 02:47:07 UTC] PHP Warning:  Illegal string offset 'limit' in C:\Users\kelly\Local Sites\studio5155\app\public\wp-content\plugins\woo-product-availability-scheduler\shortcodes.php on line 29
[29-Nov-2019 02:47:07 UTC] PHP Stack trace:
[29-Nov-2019 02:47:07 UTC] PHP   1. {main}() C:\Users\kelly\Local Sites\studio5155\app\public\index.php:0
[29-Nov-2019 02:47:07 UTC] PHP   2. require() C:\Users\kelly\Local Sites\studio5155\app\public\index.php:17
[29-Nov-2019 02:47:07 UTC] PHP   3. require_once() C:\Users\kelly\Local Sites\studio5155\app\public\wp-blog-header.php:19
[29-Nov-2019 02:47:07 UTC] PHP   4. include() C:\Users\kelly\Local Sites\studio5155\app\public\wp-includes\template-loader.php:98
[29-Nov-2019 02:47:07 UTC] PHP   5. do_shortcode() C:\Users\kelly\Local Sites\studio5155\app\public\wp-content\themes\studio55\front-page.php:30
[29-Nov-2019 02:47:07 UTC] PHP   6. preg_replace_callback() C:\Users\kelly\Local Sites\studio5155\app\public\wp-includes\shortcodes.php:199
[29-Nov-2019 02:47:07 UTC] PHP   7. do_shortcode_tag() C:\Users\kelly\Local Sites\studio5155\app\public\wp-includes\shortcodes.php:199
[29-Nov-2019 02:47:07 UTC] PHP   8. wpas_schedule_product_availability_shortcode() C:\Users\kelly\Local Sites\studio5155\app\public\wp-includes\shortcodes.php:325
[29-Nov-2019 02:47:07 UTC] PHP Warning:  Illegal string offset 'columns' in C:\Users\kelly\Local Sites\studio5155\app\public\wp-content\plugins\woo-product-availability-scheduler\shortcodes.php on line 22
[29-Nov-2019 02:47:07 UTC] PHP Stack trace:
[29-Nov-2019 02:47:07 UTC] PHP   1. {main}() C:\Users\kelly\Local Sites\studio5155\app\public\index.php:0
[29-Nov-2019 02:47:07 UTC] PHP   2. require() C:\Users\kelly\Local Sites\studio5155\app\public\index.php:17
[29-Nov-2019 02:47:07 UTC] PHP   3. require_once() C:\Users\kelly\Local Sites\studio5155\app\public\wp-blog-header.php:19
[29-Nov-2019 02:47:07 UTC] PHP   4. include() C:\Users\kelly\Local Sites\studio5155\app\public\wp-includes\template-loader.php:98
[29-Nov-2019 02:47:07 UTC] PHP   5. do_shortcode() C:\Users\kelly\Local Sites\studio5155\app\public\wp-content\themes\studio55\front-page.php:30
[29-Nov-2019 02:47:07 UTC] PHP   6. preg_replace_callback() C:\Users\kelly\Local Sites\studio5155\app\public\wp-includes\shortcodes.php:199
[29-Nov-2019 02:47:07 UTC] PHP   7. do_shortcode_tag() C:\Users\kelly\Local Sites\studio5155\app\public\wp-includes\shortcodes.php:199
[29-Nov-2019 02:47:07 UTC] PHP   8. wpas_schedule_product_availability_shortcode() C:\Users\kelly\Local Sites\studio5155\app\public\wp-includes\shortcodes.php:325
[29-Nov-2019 02:47:07 UTC] PHP Warning:  Illegal string offset 'limit' in C:\Users\kelly\Local Sites\studio5155\app\public\wp-content\plugins\woo-product-availability-scheduler\shortcodes.php on line 29
[29-Nov-2019 02:47:07 UTC] PHP Stack trace:
[29-Nov-2019 02:47:07 UTC] PHP   1. {main}() C:\Users\kelly\Local Sites\studio5155\app\public\index.php:0
[29-Nov-2019 02:47:07 UTC] PHP   2. require() C:\Users\kelly\Local Sites\studio5155\app\public\index.php:17
[29-Nov-2019 02:47:07 UTC] PHP   3. require_once() C:\Users\kelly\Local Sites\studio5155\app\public\wp-blog-header.php:19
[29-Nov-2019 02:47:07 UTC] PHP   4. include() C:\Users\kelly\Local Sites\studio5155\app\public\wp-includes\template-loader.php:98
[29-Nov-2019 02:47:07 UTC] PHP   5. do_shortcode() C:\Users\kelly\Local Sites\studio5155\app\public\wp-content\themes\studio55\front-page.php:30
[29-Nov-2019 02:47:07 UTC] PHP   6. preg_replace_callback() C:\Users\kelly\Local Sites\studio5155\app\public\wp-includes\shortcodes.php:199
[29-Nov-2019 02:47:07 UTC] PHP   7. do_shortcode_tag() C:\Users\kelly\Local Sites\studio5155\app\public\wp-includes\shortcodes.php:199
[29-Nov-2019 02:47:07 UTC] PHP   8. wpas_schedule_product_availability_shortcode() C:\Users\kelly\Local Sites\studio5155\app\public\wp-includes\shortcodes.php:325
[29-Nov-2019 02:47:07 UTC] PHP Warning:  Illegal string offset 'columns' in C:\Users\kelly\Local Sites\studio5155\app\public\wp-content\plugins\woo-product-availability-scheduler\shortcodes.php on line 22
[29-Nov-2019 02:47:07 UTC] PHP Stack trace:
[29-Nov-2019 02:47:07 UTC] PHP   1. {main}() C:\Users\kelly\Local Sites\studio5155\app\public\index.php:0
[29-Nov-2019 02:47:07 UTC] PHP   2. require() C:\Users\kelly\Local Sites\studio5155\app\public\index.php:17
[29-Nov-2019 02:47:07 UTC] PHP   3. require_once() C:\Users\kelly\Local Sites\studio5155\app\public\wp-blog-header.php:19
[29-Nov-2019 02:47:07 UTC] PHP   4. include() C:\Users\kelly\Local Sites\studio5155\app\public\wp-includes\template-loader.php:98
[29-Nov-2019 02:47:07 UTC] PHP   5. do_shortcode() C:\Users\kelly\Local Sites\studio5155\app\public\wp-content\themes\studio55\front-page.php:30
[29-Nov-2019 02:47:07 UTC] PHP   6. preg_replace_callback() C:\Users\kelly\Local Sites\studio5155\app\public\wp-includes\shortcodes.php:199
[29-Nov-2019 02:47:07 UTC] PHP   7. do_shortcode_tag() C:\Users\kelly\Local Sites\studio5155\app\public\wp-includes\shortcodes.php:199
[29-Nov-2019 02:47:07 UTC] PHP   8. wpas_schedule_product_availability_shortcode() C:\Users\kelly\Local Sites\studio5155\app\public\wp-includes\shortcodes.php:325
[29-Nov-2019 02:47:07 UTC] PHP Warning:  Illegal string offset 'limit' in C:\Users\kelly\Local Sites\studio5155\app\public\wp-content\plugins\woo-product-availability-scheduler\shortcodes.php on line 29
[29-Nov-2019 02:47:07 UTC] PHP Stack trace:
[29-Nov-2019 02:47:07 UTC] PHP   1. {main}() C:\Users\kelly\Local Sites\studio5155\app\public\index.php:0
[29-Nov-2019 02:47:07 UTC] PHP   2. require() C:\Users\kelly\Local Sites\studio5155\app\public\index.php:17
[29-Nov-2019 02:47:07 UTC] PHP   3. require_once() C:\Users\kelly\Local Sites\studio5155\app\public\wp-blog-header.php:19
[29-Nov-2019 02:47:07 UTC] PHP   4. include() C:\Users\kelly\Local Sites\studio5155\app\public\wp-includes\template-loader.php:98
[29-Nov-2019 02:47:07 UTC] PHP   5. do_shortcode() C:\Users\kelly\Local Sites\studio5155\app\public\wp-content\themes\studio55\front-page.php:30
[29-Nov-2019 02:47:07 UTC] PHP   6. preg_replace_callback() C:\Users\kelly\Local Sites\studio5155\app\public\wp-includes\shortcodes.php:199
[29-Nov-2019 02:47:07 UTC] PHP   7. do_shortcode_tag() C:\Users\kelly\Local Sites\studio5155\app\public\wp-includes\shortcodes.php:199
[29-Nov-2019 02:47:07 UTC] PHP   8. wpas_schedule_product_availability_shortcode() C:\Users\kelly\Local Sites\studio5155\app\public\wp-includes\shortcodes.php:325
[30-Nov-2019 02:14:11 UTC] PHP Fatal error:  Uncaught Error: Call to undefined function give_get_premium_add_ons() in C:\Users\kelly\Local Sites\studio5155\app\public\wp-content\plugins\give\includes\misc-functions.php:840
Stack trace:
#0 C:\Users\kelly\Local Sites\studio5155\app\public\wp-content\plugins\give\includes\misc-functions.php(2361): give_get_plugins(Array)
#1 C:\Users\kelly\Local Sites\studio5155\app\public\wp-includes\class-wp-hook.php(288): give_refresh_licenses()
#2 C:\Users\kelly\Local Sites\studio5155\app\public\wp-includes\class-wp-hook.php(312): WP_Hook->apply_filters('', Array)
#3 C:\Users\kelly\Local Sites\studio5155\app\public\wp-includes\plugin.php(544): WP_Hook->do_action(Array)
#4 C:\Users\kelly\Local Sites\studio5155\app\public\wp-cron.php(138): do_action_ref_array('give_monthly_sc...', Array)
#5 {main}
  thrown in C:\Users\kelly\Local Sites\studio5155\app\public\wp-content\plugins\give\includes\misc-functions.php on line 840
[30-Nov-2019 21:56:02 UTC] PHP Warning:  Use of undefined constant SFSI_PLUGURL - assumed 'SFSI_PLUGURL' (this will throw an Error in a future version of PHP) in C:\Users\kelly\Local Sites\studio5155\app\public\wp-content\plugins\ultimate-social-media-plus\views\sfsi_pop_content.php on line 839
[30-Nov-2019 21:56:02 UTC] PHP Stack trace:
[30-Nov-2019 21:56:02 UTC] PHP   1. {main}() C:\Users\kelly\Local Sites\studio5155\app\public\wp-admin\admin.php:0
[30-Nov-2019 21:56:02 UTC] PHP   2. do_action() C:\Users\kelly\Local Sites\studio5155\app\public\wp-admin\admin.php:254
[30-Nov-2019 21:56:02 UTC] PHP   3. WP_Hook->do_action() C:\Users\kelly\Local Sites\studio5155\app\public\wp-includes\plugin.php:478
[30-Nov-2019 21:56:02 UTC] PHP   4. WP_Hook->apply_filters() C:\Users\kelly\Local Sites\studio5155\app\public\wp-includes\class-wp-hook.php:312
[30-Nov-2019 21:56:02 UTC] PHP   5. sfsi_plus_options_page() C:\Users\kelly\Local Sites\studio5155\app\public\wp-includes\class-wp-hook.php:288
[30-Nov-2019 21:56:02 UTC] PHP   6. include() C:\Users\kelly\Local Sites\studio5155\app\public\wp-content\plugins\ultimate-social-media-plus\libs\sfsi_install_uninstall.php:843
[30-Nov-2019 21:56:02 UTC] PHP   7. include() C:\Users\kelly\Local Sites\studio5155\app\public\wp-content\plugins\ultimate-social-media-plus\views\sfsi_options_view.php:256
[30-Nov-2019 22:34:13 UTC] The WC_Cart::get_cart_url function is deprecated since version 2.5. Replace with wc_get_cart_url.
[01-Dec-2019 00:38:21 UTC] PHP Fatal error:  Uncaught Error: Call to undefined function DISPLAY_ULTIMATE_PLUS() in C:\Users\kelly\Local Sites\studio5155\app\public\wp-content\themes\studio55\footer.php:17
Stack trace:
#0 C:\Users\kelly\Local Sites\studio5155\app\public\wp-includes\template.php(722): require_once()
#1 C:\Users\kelly\Local Sites\studio5155\app\public\wp-includes\template.php(671): load_template('C:\\Users\\kelly\\...', true)
#2 C:\Users\kelly\Local Sites\studio5155\app\public\wp-includes\general-template.php(76): locate_template(Array, true)
#3 C:\Users\kelly\Local Sites\studio5155\app\public\wp-content\themes\studio55\campaign-page.php(41): get_footer()
#4 C:\Users\kelly\Local Sites\studio5155\app\public\wp-includes\template-loader.php(98): include('C:\\Users\\kelly\\...')
#5 C:\Users\kelly\Local Sites\studio5155\app\public\wp-blog-header.php(19): require_once('C:\\Users\\kelly\\...')
#6 C:\Users\kelly\Local Sites\studio5155\app\public\index.php(17): require('C:\\Users\\kelly\\...')
#7 {main}
  thrown in C:\Users\kelly\Local Sites\studio5155\app\public\wp-content\themes\studio55\footer.php on line 17
[01-Dec-2019 00:38:22 UTC] PHP Fatal error:  Uncaught Error: Call to undefined function DISPLAY_ULTIMATE_PLUS() in C:\Users\kelly\Local Sites\studio5155\app\public\wp-content\themes\studio55\footer.php:17
Stack trace:
#0 C:\Users\kelly\Local Sites\studio5155\app\public\wp-includes\template.php(722): require_once()
#1 C:\Users\kelly\Local Sites\studio5155\app\public\wp-includes\template.php(671): load_template('C:\\Users\\kelly\\...', true)
#2 C:\Users\kelly\Local Sites\studio5155\app\public\wp-includes\general-template.php(76): locate_template(Array, true)
#3 C:\Users\kelly\Local Sites\studio5155\app\public\wp-content\themes\studio55\campaign-page.php(41): get_footer()
#4 C:\Users\kelly\Local Sites\studio5155\app\public\wp-includes\template-loader.php(98): include('C:\\Users\\kelly\\...')
#5 C:\Users\kelly\Local Sites\studio5155\app\public\wp-blog-header.php(19): require_once('C:\\Users\\kelly\\...')
#6 C:\Users\kelly\Local Sites\studio5155\app\public\index.php(17): require('C:\\Users\\kelly\\...')
#7 {main}
  thrown in C:\Users\kelly\Local Sites\studio5155\app\public\wp-content\themes\studio55\footer.php on line 17
[01-Dec-2019 00:39:08 UTC] PHP Fatal error:  Uncaught Error: Call to undefined function DISPLAY_ULTIMATE_PLUS() in C:\Users\kelly\Local Sites\studio5155\app\public\wp-content\themes\studio55\footer.php:17
Stack trace:
#0 C:\Users\kelly\Local Sites\studio5155\app\public\wp-includes\template.php(722): require_once()
#1 C:\Users\kelly\Local Sites\studio5155\app\public\wp-includes\template.php(671): load_template('C:\\Users\\kelly\\...', true)
#2 C:\Users\kelly\Local Sites\studio5155\app\public\wp-includes\general-template.php(76): locate_template(Array, true)
#3 C:\Users\kelly\Local Sites\studio5155\app\public\wp-content\themes\studio55\front-page.php(83): get_footer()
#4 C:\Users\kelly\Local Sites\studio5155\app\public\wp-includes\template-loader.php(98): include('C:\\Users\\kelly\\...')
#5 C:\Users\kelly\Local Sites\studio5155\app\public\wp-blog-header.php(19): require_once('C:\\Users\\kelly\\...')
#6 C:\Users\kelly\Local Sites\studio5155\app\public\index.php(17): require('C:\\Users\\kelly\\...')
#7 {main}
  thrown in C:\Users\kelly\Local Sites\studio5155\app\public\wp-content\themes\studio55\footer.php on line 17
[01-Dec-2019 00:39:40 UTC] PHP Warning:  Use of undefined constant SFSI_PLUGURL - assumed 'SFSI_PLUGURL' (this will throw an Error in a future version of PHP) in C:\Users\kelly\Local Sites\studio5155\app\public\wp-content\plugins\ultimate-social-media-plus\views\sfsi_pop_content.php on line 839
[01-Dec-2019 00:39:40 UTC] PHP Stack trace:
[01-Dec-2019 00:39:40 UTC] PHP   1. {main}() C:\Users\kelly\Local Sites\studio5155\app\public\wp-admin\admin.php:0
[01-Dec-2019 00:39:40 UTC] PHP   2. do_action() C:\Users\kelly\Local Sites\studio5155\app\public\wp-admin\admin.php:254
[01-Dec-2019 00:39:40 UTC] PHP   3. WP_Hook->do_action() C:\Users\kelly\Local Sites\studio5155\app\public\wp-includes\plugin.php:478
[01-Dec-2019 00:39:40 UTC] PHP   4. WP_Hook->apply_filters() C:\Users\kelly\Local Sites\studio5155\app\public\wp-includes\class-wp-hook.php:312
[01-Dec-2019 00:39:40 UTC] PHP   5. sfsi_plus_options_page() C:\Users\kelly\Local Sites\studio5155\app\public\wp-includes\class-wp-hook.php:288
[01-Dec-2019 00:39:40 UTC] PHP   6. include() C:\Users\kelly\Local Sites\studio5155\app\public\wp-content\plugins\ultimate-social-media-plus\libs\sfsi_install_uninstall.php:843
[01-Dec-2019 00:39:40 UTC] PHP   7. include() C:\Users\kelly\Local Sites\studio5155\app\public\wp-content\plugins\ultimate-social-media-plus\views\sfsi_options_view.php:256
[01-Dec-2019 00:39:55 UTC] The WC_Cart::get_cart_url function is deprecated since version 2.5. Replace with wc_get_cart_url.
[01-Dec-2019 00:53:26 UTC] The WC_Cart::get_cart_url function is deprecated since version 2.5. Replace with wc_get_cart_url.
[01-Dec-2019 07:07:51 UTC] The WC_Cart::get_cart_url function is deprecated since version 2.5. Replace with wc_get_cart_url.
[01-Dec-2019 07:13:20 UTC] PHP Warning:  count(): Parameter must be an array or an object that implements Countable in C:\Users\kelly\Local Sites\studio5155\app\public\wp-includes\post-template.php on line 316
[01-Dec-2019 07:13:20 UTC] PHP Stack trace:
[01-Dec-2019 07:13:20 UTC] PHP   1. {main}() C:\Users\kelly\Local Sites\studio5155\app\public\index.php:0
[01-Dec-2019 07:13:20 UTC] PHP   2. require() C:\Users\kelly\Local Sites\studio5155\app\public\index.php:17
[01-Dec-2019 07:13:20 UTC] PHP   3. require_once() C:\Users\kelly\Local Sites\studio5155\app\public\wp-blog-header.php:19
[01-Dec-2019 07:13:20 UTC] PHP   4. include() C:\Users\kelly\Local Sites\studio5155\app\public\wp-includes\template-loader.php:98
[01-Dec-2019 07:13:20 UTC] PHP   5. the_content() C:\Users\kelly\Local Sites\studio5155\app\public\wp-content\themes\studio55\page.php:3
[01-Dec-2019 07:13:20 UTC] PHP   6. get_the_content() C:\Users\kelly\Local Sites\studio5155\app\public\wp-includes\post-template.php:244
[01-Dec-2019 07:17:31 UTC] The WC_Cart::get_cart_url function is deprecated since version 2.5. Replace with wc_get_cart_url.
[01-Dec-2019 07:17:31 UTC] The WC_Cart::get_cart_url function is deprecated since version 2.5. Replace with wc_get_cart_url.
[01-Dec-2019 07:17:46 UTC] The WC_Cart::get_cart_url function is deprecated since version 2.5. Replace with wc_get_cart_url.
[01-Dec-2019 07:17:47 UTC] The WC_Cart::get_cart_url function is deprecated since version 2.5. Replace with wc_get_cart_url.
[01-Dec-2019 07:17:53 UTC] The WC_Cart::get_cart_url function is deprecated since version 2.5. Replace with wc_get_cart_url.
[01-Dec-2019 07:17:54 UTC] The WC_Cart::get_cart_url function is deprecated since version 2.5. Replace with wc_get_cart_url.
[01-Dec-2019 07:17:55 UTC] The WC_Cart::get_cart_url function is deprecated since version 2.5. Replace with wc_get_cart_url.
[01-Dec-2019 07:17:56 UTC] The WC_Cart::get_cart_url function is deprecated since version 2.5. Replace with wc_get_cart_url.
